library/build/intermediates/manifest_merge_blame_file/debug/manifest-merger-blame-debug-report.txt
1<?xml version="1.0" encoding="utf-8"?>
2<manifest xmlns:android="http://schemas.android.com/apk/res/android"
3    package="com.gowtham.library"
4    android:versionCode="1"
5    android:versionName="1.0" >
6
7    <uses-sdk
8        android:minSdkVersion="19"
8-->src/main/AndroidManifest.xml
9        android:targetSdkVersion="30" />
9-->src/main/AndroidManifest.xml
10
11    <uses-permission android:name="android.permission.READ_EXTERNAL_STORAGE" />
11-->src/main/AndroidManifest.xml:5:5-80
11-->src/main/AndroidManifest.xml:5:22-77
12    <uses-permission android:name="android.permission.WRITE_EXTERNAL_STORAGE" />
12-->src/main/AndroidManifest.xml:6:5-81
12-->src/main/AndroidManifest.xml:6:22-78
13    <uses-permission android:name="android.permission.ACCESS_MEDIA_LOCATION" />
13-->src/main/AndroidManifest.xml:7:5-80
13-->src/main/AndroidManifest.xml:7:22-77
14
15    <application>
15-->src/main/AndroidManifest.xml:9:5-14:19
16        <activity
16-->src/main/AndroidManifest.xml:10:9-13:55
17            android:name="com.gowtham.library.ui.ActVideoTrimmer"
17-->src/main/AndroidManifest.xml:10:19-53
18            android:launchMode="singleTask"
18-->src/main/AndroidManifest.xml:12:13-44
19            android:screenOrientation="portrait"
19-->src/main/AndroidManifest.xml:11:13-49
20            android:theme="@style/VideoTrimmerTheme" />
20-->src/main/AndroidManifest.xml:13:13-53
21    </application>
22
23</manifest>